<?xml version="1.0" encoding="UTF-8"?>
<testng-results ignored="0" total="1" passed="1" failed="0" skipped="0">
  <reporter-output>
  </reporter-output>
  <suite started-at="2022-11-20T20:26:08 IST" name="Surefire suite" finished-at="2022-11-20T20:26:11 IST" duration-ms="3060">
    <groups>
    </groups>
    <test started-at="2022-11-20T20:26:08 IST" name="Surefire test" finished-at="2022-11-20T20:26:11 IST" duration-ms="3060">
      <class name="com.RestAssured.TestGetAPI">
        <test-method signature="testGetApi()[pri:0, instance:com.RestAssured.TestGetAPI@4470f8a6]" started-at="2022-11-20T20:26:08 IST" name="testGetApi" finished-at="2022-11-20T20:26:11 IST" duration-ms="2992" status="PASS">
          <reporter-output>
          </reporter-output>
        </test-method> <!-- testGetApi -->
      </class> <!-- com.RestAssured.TestGetAPI -->
    </test> <!-- Surefire test -->
  </suite> <!-- Surefire suite -->
</testng-results>
